{
  "stats": {
    "suites": 1,
    "tests": 2,
    "passes": 2,
    "pending": 0,
    "failures": 0,
    "start": "2025-09-29T22:21:31.736Z",
    "end": "2025-09-29T22:21:32.548Z",
    "duration": 812,
    "testsRegistered": 2,
    "passPercent": 100,
    "pendingPercent": 0,
    "other": 0,
    "hasOther": false,
    "skipped": 0,
    "hasSkipped": false
  },
  "results": [
    {
      "uuid": "ae02a746-c6ff-4add-acb6-d41867a01a18",
      "title": "",
      "fullFile": "cypress\\e2e\\api\\login\\login.cy.js",
      "file": "cypress\\e2e\\api\\login\\login.cy.js",
      "beforeHooks": [],
      "afterHooks": [],
      "tests": [],
      "suites": [
        {
          "uuid": "66e4fa8f-d33e-4c7f-9dda-73e958fb552f",
          "title": "Login API",
          "fullFile": "",
          "file": "",
          "beforeHooks": [],
          "afterHooks": [],
          "tests": [
            {
              "title": "should authenticate successfully with valid credentials",
              "fullTitle": "Login API should authenticate successfully with valid credentials",
              "timedOut": null,
              "duration": 458,
              "state": "passed",
              "speed": "fast",
              "pass": true,
              "fail": false,
              "pending": false,
              "context": null,
              "code": "cy.loginAPI(testUser.email, testUser.password).then(token => {\n  expect(token).to.be.a('string').and.not.be.empty;\n});",
              "err": {},
              "uuid": "117849a7-ac17-4f8a-857d-96e7ce44ade7",
              "parentUUID": "66e4fa8f-d33e-4c7f-9dda-73e958fb552f",
              "isHook": false,
              "skipped": false
            },
            {
              "title": "should return 401 when using invalid credentials",
              "fullTitle": "Login API should return 401 when using invalid credentials",
              "timedOut": null,
              "duration": 251,
              "state": "passed",
              "speed": "fast",
              "pass": true,
              "fail": false,
              "pending": false,
              "context": null,
              "code": "cy.request({\n  method: 'POST',\n  url: '/login',\n  body: {\n    email: 'invalid.user@example.com',\n    password: 'wrongPassword'\n  },\n  failOnStatusCode: false\n}).then(res => {\n  expect(res.status).to.eq(401);\n  expect(res.body.message).to.eq('Email e/ou senha inválidos');\n});",
              "err": {},
              "uuid": "88bea533-c316-482f-bb3e-74943a9d3fae",
              "parentUUID": "66e4fa8f-d33e-4c7f-9dda-73e958fb552f",
              "isHook": false,
              "skipped": false
            }
          ],
          "suites": [],
          "passes": [
            "117849a7-ac17-4f8a-857d-96e7ce44ade7",
            "88bea533-c316-482f-bb3e-74943a9d3fae"
          ],
          "failures": [],
          "pending": [],
          "skipped": [],
          "duration": 709,
          "root": false,
          "rootEmpty": false,
          "_timeout": 2000
        }
      ],
      "passes": [],
      "failures": [],
      "pending": [],
      "skipped": [],
      "duration": 0,
      "root": true,
      "rootEmpty": true,
      "_timeout": 2000
    }
  ],
  "meta": {
    "mocha": {
      "version": "7.2.0"
    },
    "mochawesome": {
      "options": {
        "quiet": false,
        "reportFilename": "mochawesome",
        "saveHtml": false,
        "saveJson": true,
        "consoleReporter": "spec",
        "useInlineDiffs": false,
        "code": true
      },
      "version": "7.1.4"
    },
    "marge": {
      "options": {
        "reportDir": "cypress/reports",
        "overwrite": false,
        "html": false,
        "json": true
      },
      "version": "6.3.0"
    }
  }
}